<?xml version="1.0" encoding="UTF-8"?>
<!-- Generated by org.testng.reporters.JUnitReportReporter -->
<testsuite hostname="DESKTOP-M9IF5LC" name="wrapProject.testNG_TestSuites" tests="3" failures="0" timestamp="23 May 2016 19:25:26 GMT" time="129.602" errors="0">
  <testcase name="publishTheWrap" time="42.203" classname="wrapProject.testNG_TestSuites"/>
  <testcase name="signUpAndLogIn" time="10.321" classname="wrapProject.testNG_TestSuites"/>
  <testcase name="createNewWrap" time="77.078" classname="wrapProject.testNG_TestSuites"/>
</testsuite> <!-- wrapProject.testNG_TestSuites -->
